<?xml version="1.0" encoding="UTF-8"?>
<!-- Generated by org.testng.reporters.JUnitXMLReporter -->
<testsuite ignored="2" hostname="DESKTOP-VNQ8G2N" failures="0" tests="1" name="Surefire test" time="5.205" errors="0" timestamp="2022-11-14T03:13:39 EET">
  <testcase classname="com.epam.BaseTest" name="@BeforeMethod pageSetUp" time="0.003">
    <failure type="java.lang.NullPointerException" message="Cannot invoke &amp;quot;com.epam.aqa.manager.PageFactoryManager.getBasePage()&amp;quot; because &amp;quot;this.pageFactoryManager&amp;quot; is null">
      <![CDATA[java.lang.NullPointerException: Cannot invoke "com.epam.aqa.manager.PageFactoryManager.getBasePage()" because "this.pageFactoryManager" is null
at com.epam.BaseTest.pageSetUp(BaseTest.java:36)
at java.base/java.util.ArrayList.forEach(ArrayList.java:1511)
... Removed 34 stack frames]]>
    </failure>
  </testcase> <!-- @BeforeMethod pageSetUp -->
  <testcase classname="com.epam.BaseTest" name="@AfterTest teardown" time="0.0">
    <skipped/>
  </testcase> <!-- @AfterTest teardown -->
  <testcase classname="com.epam.ticTacToeTests.LeaderBoardTest" name="leaderBoardSimpleTest" time="0.0">
    <skipped/>
  </testcase> <!-- leaderBoardSimpleTest -->
  <testcase classname="com.epam.BaseTest" name="@BeforeTest setUp" time="0.0">
    <ignored/>
  </testcase> <!-- @BeforeTest setUp -->
  <testcase classname="com.epam.BaseTest" name="@AfterTest teardown" time="0.0">
    <ignored/>
  </testcase> <!-- @AfterTest teardown -->
</testsuite> <!-- Surefire test -->
